<?xml version="1.0" encoding="UTF-8"?>
<testng-results ignored="0" total="1" passed="1" failed="0" skipped="0">
  <reporter-output>
  </reporter-output>
  <suite started-at="2023-10-25T10:38:07 IST" name="Default suite" finished-at="2023-10-25T10:38:07 IST" duration-ms="108">
    <groups>
    </groups>
    <test started-at="2023-10-25T10:38:07 IST" name="Default test" finished-at="2023-10-25T10:38:07 IST" duration-ms="108">
      <class name="practice.ReadDataFromCmdLine">
        <test-method signature="read()[pri:0, instance:practice.ReadDataFromCmdLine@dbf57b3]" started-at="2023-10-25T10:38:07 IST" name="read" finished-at="2023-10-25T10:38:07 IST" duration-ms="17" status="PASS">
          <reporter-output>
          </reporter-output>
        </test-method> <!-- read -->
      </class> <!-- practice.ReadDataFromCmdLine -->
    </test> <!-- Default test -->
  </suite> <!-- Default suite -->
</testng-results>
